<?xml version="1.0" encoding="UTF-8"?>
<!-- Generated by org.testng.reporters.JUnitXMLReporter -->
<testsuite ignored="0" hostname="DESKTOP-D5A2COF" failures="1" tests="1" name="test" time="96.127" errors="0" timestamp="2022-03-11T15:39:12 IST">
  <testcase classname="regressiontest.Testcase" name="Invalidemail" time="85.829">
    <failure type="java.lang.NullPointerException">
      <![CDATA[java.lang.NullPointerException
at regressiontest.Methods.Signupform(Methods.java:72)
at regressiontest.Testcase.Invalidemail(Testcase.java:19)
at java.base/java.util.ArrayList.forEach(ArrayList.java:1541)
... Removed 27 stack frames]]>
    </failure>
  </testcase> <!-- Invalidemail -->
</testsuite> <!-- test -->
